[debug] [2022-05-12T08:25:40.918Z] ----------------------------------------------------------------------
[debug] [2022-05-12T08:25:40.921Z] Command:       F:\nodejs\node.exe C:\Users\hp\AppData\Roaming\npm\node_modules\firebase-tools\lib\bin\firebase.js init
[debug] [2022-05-12T08:25:40.922Z] CLI Version:   10.9.2
[debug] [2022-05-12T08:25:40.922Z] Platform:      win32
[debug] [2022-05-12T08:25:40.923Z] Node Version:  v16.14.2
[debug] [2022-05-12T08:25:40.925Z] Time:          Thu May 12 2022 13:55:40 GMT+0530 (India Standard Time)
[debug] [2022-05-12T08:25:40.925Z] ----------------------------------------------------------------------
[debug] 
[debug] [2022-05-12T08:25:41.236Z] > command requires scopes: ["email","openid","https://www.googleapis.com/auth/cloudplatformprojects.readonly","https://www.googleapis.com/auth/firebase","https://www.googleapis.com/auth/cloud-platform"]
[debug] [2022-05-12T08:25:41.236Z] > authorizing via signed-in user (nishchayveer19@gmail.com)
[info] 
     ######## #### ########  ######## ########     ###     ######  ########
     ##        ##  ##     ## ##       ##     ##  ##   ##  ##       ##
     ######    ##  ########  ######   ########  #########  ######  ######
     ##        ##  ##    ##  ##       ##     ## ##     ##       ## ##
     ##       #### ##     ## ######## ########  ##     ##  ######  ########

You're about to initialize a Firebase project in this directory:

  F:\building stuff\whatsapp-clone

Before we get started, keep in mind:

  * You are initializing within an existing Firebase project directory

[info] 
=== Project Setup
[info] 
[info] First, let's associate this project directory with a Firebase project.
[info] You can create multiple project aliases by running firebase use --add, 
[info] but for now we'll just set up a default project.
[info] 
[debug] [2022-05-12T08:28:06.459Z] Using project from CLI flag: chat-rooms-7c8b7
[debug] [2022-05-12T08:28:06.461Z] > refreshing access token with scopes: []
[debug] [2022-05-12T08:28:06.462Z] >>> HTTP REQUEST POST https://www.googleapis.com/oauth2/v3/token  
 <request body omitted>
[debug] [2022-05-12T08:28:06.819Z] <<< HTTP RESPONSE 200 {"cache-control":"no-cache, no-store, max-age=0, must-revalidate","expires":"Mon, 01 Jan 1990 00:00:00 GMT","pragma":"no-cache","date":"Thu, 12 May 2022 08:28:06 GMT","content-type":"application/json; charset=utf-8","vary":"X-Origin, Referer, Origin,Accept-Encoding","server":"scaffolding on HTTPServer2","x-xss-protection":"0","x-frame-options":"SAMEORIGIN","x-content-type-options":"nosniff","alt-svc":"h3=\":443\"; ma=2592000,h3-29=\":443\"; ma=2592000,h3-Q050=\":443\"; ma=2592000,h3-Q046=\":443\"; ma=2592000,h3-Q043=\":443\"; ma=2592000,quic=\":443\"; ma=2592000; v=\"46,43\"","accept-ranges":"none","transfer-encoding":"chunked"}
[debug] [2022-05-12T08:28:06.956Z] >>> [apiv2][query] GET https://firebase.googleapis.com/v1beta1/projects/chat-rooms-7c8b7 [none]
[debug] [2022-05-12T08:28:07.491Z] <<< [apiv2][status] GET https://firebase.googleapis.com/v1beta1/projects/chat-rooms-7c8b7 200
[debug] [2022-05-12T08:28:07.492Z] <<< [apiv2][body] GET https://firebase.googleapis.com/v1beta1/projects/chat-rooms-7c8b7 {"projectId":"chat-rooms-7c8b7","projectNumber":"30847757039","displayName":"chat-rooms","name":"projects/chat-rooms-7c8b7","resources":{"hostingSite":"chat-rooms-7c8b7","realtimeDatabaseInstance":"chat-rooms-7c8b7-default-rtdb","storageBucket":"chat-rooms-7c8b7.appspot.com","locationId":"us-central"},"state":"ACTIVE"}
[info] i  Using project chat-rooms-7c8b7 (chat-rooms) 
[info] 
=== Hosting Setup
[info] 
[info] Your public directory is the folder (relative to your project directory) that
[info] will contain Hosting assets to be uploaded with firebase deploy. If you
[info] have a build process for your assets, use your build's output directory.
[info] 
[debug] [2022-05-12T08:36:16.389Z] >>> [apiv2][query] GET https://www.gstatic.com/firebasejs/releases.json [none]
[debug] [2022-05-12T08:36:16.605Z] <<< [apiv2][status] GET https://www.gstatic.com/firebasejs/releases.json 200
[debug] [2022-05-12T08:36:16.605Z] <<< [apiv2][body] GET https://www.gstatic.com/firebasejs/releases.json {"current":{"version":"9.8.1","browserURL":"https://www.gstatic.com/firebasejs/9.8.1/firebase.js","packageURL":"https://www.gstatic.com/firebasejs/9.8.1/firebase.tgz"},"live":{"version":"9.8","browserURL":"https://www.gstatic.com/firebasejs/live/9.8/firebase.js","packageURL":"https://www.gstatic.com/firebasejs/live/9.8/firebase.tgz"},"components":{"analytics":"https://www.gstatic.com/firebasejs/9.8.1/firebase-analytics.js","app":"https://www.gstatic.com/firebasejs/9.8.1/firebase-app.js","app-check":"https://www.gstatic.com/firebasejs/9.8.1/firebase-app-check.js","auth":"https://www.gstatic.com/firebasejs/9.8.1/firebase-auth.js","auth/cordova":"https://www.gstatic.com/firebasejs/9.8.1/firebase-auth/cordova.js","auth/react-native":"https://www.gstatic.com/firebasejs/9.8.1/firebase-auth/react-native.js","functions":"https://www.gstatic.com/firebasejs/9.8.1/firebase-functions.js","firestore":"https://www.gstatic.com/firebasejs/9.8.1/firebase-firestore.js","firestore/lite":"https://www.gstatic.com/firebasejs/9.8.1/firebase-firestore/lite.js","storage":"https://www.gstatic.com/firebasejs/9.8.1/firebase-storage.js","performance":"https://www.gstatic.com/firebasejs/9.8.1/firebase-performance.js","remote-config":"https://www.gstatic.com/firebasejs/9.8.1/firebase-remote-config.js","messaging":"https://www.gstatic.com/firebasejs/9.8.1/firebase-messaging.js","messaging/sw":"https://www.gstatic.com/firebasejs/9.8.1/firebase-messaging/sw.js","database":"https://www.gstatic.com/firebasejs/9.8.1/firebase-database.js","firestore.memory":"https://www.gstatic.com/firebasejs/9.8.1/firebase-firestore.memory.js"}}
[info] +  Wrote build/index.html 
[info] 
[info] i  Detected a .git folder at F:\building stuff\whatsapp-clone 
[info] i  Authorizing with GitHub to upload your service account to a GitHub repository's secrets store. 
[info] 
[info] Visit this URL on this device to log in:
[info] https://github.com/login/oauth/authorize?client_id=89cf50f02ac6aaed3484&state=954489077&redirect_uri=http%3A%2F%2Flocalhost%3A9005&scope=read%3Auser%20repo%20public_repo
[info] 
[info] Waiting for authentication...
[debug] [2022-05-12T08:36:19.091Z] >>> HTTP REQUEST POST https://github.com/login/oauth/access_token  
 {"client_id":"89cf50f02ac6aaed3484","client_secret":"3330d14abc895d9a74d5f17cd7a00711fa2c5bf0","code":"1cd568f439ff8bdc12be","redirect_uri":"http://localhost:9005","state":"954489077"}
[debug] [2022-05-12T08:36:19.492Z] <<< HTTP RESPONSE 200 {"server":"GitHub.com","date":"Thu, 12 May 2022 08:36:19 GMT","content-type":"application/json; charset=utf-8","transfer-encoding":"chunked","vary":"X-PJAX, X-PJAX-Container, Accept-Encoding, Accept, X-Requested-With","permissions-policy":"interest-cohort=()","etag":"W/\"9eee24f92c1a4ddc5a7dd4a09228168a\"","cache-control":"max-age=0, private, must-revalidate","strict-transport-security":"max-age=31536000; includeSubdomains; preload","x-frame-options":"deny","x-content-type-options":"nosniff","x-xss-protection":"0","referrer-policy":"origin-when-cross-origin, strict-origin-when-cross-origin","expect-ct":"max-age=2592000, report-uri=\"https://api.github.com/_private/browser/errors\"","content-security-policy":"default-src 'none'; base-uri 'self'; block-all-mixed-content; child-src github.com/assets-cdn/worker/ gist.github.com/assets-cdn/worker/; connect-src 'self' uploads.github.com objects-origin.githubusercontent.com www.githubstatus.com collector.github.com raw.githubusercontent.com api.github.com github-cloud.s3.amazonaws.com github-production-repository-file-5c1aeb.s3.amazonaws.com github-production-upload-manifest-file-7fdce7.s3.amazonaws.com github-production-user-asset-6210df.s3.amazonaws.com cdn.optimizely.com logx.optimizely.com/v1/events translator.github.com *.actions.githubusercontent.com wss://*.actions.githubusercontent.com online.visualstudio.com/api/v1/locations github-production-repository-image-32fea6.s3.amazonaws.com github-production-release-asset-2e65be.s3.amazonaws.com insights.github.com wss://alive.github.com; font-src github.githubassets.com; form-action 'self' github.com gist.github.com objects-origin.githubusercontent.com; frame-ancestors 'none'; frame-src render.githubusercontent.com viewscreen.githubusercontent.com notebooks.githubusercontent.com; img-src 'self' data: github.githubassets.com identicons.github.com github-cloud.s3.amazonaws.com secured-user-images.githubusercontent.com/ *.githubusercontent.com; manifest-src 'self'; media-src github.com user-images.githubusercontent.com/; script-src github.githubassets.com; style-src 'unsafe-inline' github.githubassets.com; worker-src github.com/assets-cdn/worker/ gist.github.com/assets-cdn/worker/","x-github-request-id":"1C6C:6E3B:37FF86:40C5C6:627CC703"}
[debug] [2022-05-12T08:36:19.519Z] >>> [apiv2][query] GET https://api.github.com/user [none]
[debug] [2022-05-12T08:36:19.965Z] <<< [apiv2][status] GET https://api.github.com/user 200
[debug] [2022-05-12T08:36:19.965Z] <<< [apiv2][body] GET https://api.github.com/user {"login":"nishchay-veer","id":99465982,"node_id":"U_kgDOBe26_g","avatar_url":"https://avatars.githubusercontent.com/u/99465982?v=4","gravatar_id":"","url":"https://api.github.com/users/nishchay-veer","html_url":"https://github.com/nishchay-veer","followers_url":"https://api.github.com/users/nishchay-veer/followers","following_url":"https://api.github.com/users/nishchay-veer/following{/other_user}","gists_url":"https://api.github.com/users/nishchay-veer/gists{/gist_id}","starred_url":"https://api.github.com/users/nishchay-veer/starred{/owner}{/repo}","subscriptions_url":"https://api.github.com/users/nishchay-veer/subscriptions","organizations_url":"https://api.github.com/users/nishchay-veer/orgs","repos_url":"https://api.github.com/users/nishchay-veer/repos","events_url":"https://api.github.com/users/nishchay-veer/events{/privacy}","received_events_url":"https://api.github.com/users/nishchay-veer/received_events","type":"User","site_admin":false,"name":"Nishchay Veer","company":null,"blog":"","location":null,"email":null,"hireable":null,"bio":"I love to explore new fields.","twitter_username":null,"public_repos":11,"public_gists":0,"followers":0,"following":0,"created_at":"2022-02-11T06:24:12Z","updated_at":"2022-05-04T17:04:12Z","private_gists":0,"total_private_repos":2,"owned_private_repos":2,"disk_usage":4468,"collaborators":0,"two_factor_authentication":false,"plan":{"name":"free","space":976562499,"collaborators":0,"private_repos":10000}}
[info] 
[info] +  Success! Logged into GitHub as nishchay-veer 
[info] 
